2016-10-05 09:48:41 INFO  WriterServer:52 - Starting WriterServer on SPGSVEGAVL1C with PID 5372 (started by vegav in C:\_CloudStation\Pivotal\Customers\ONTIC\Use Case Implementation\Ontic Code\Code\spring-dashboard-consumer)
2016-10-05 09:48:41 DEBUG WriterServer:55 - Running with Spring Boot v1.0.2.RELEASE, Spring v4.0.0.RELEASE
2016-10-05 09:48:42 INFO  IntegrationRegistrar:279 - No bean named 'integrationHeaderChannelRegistry' has been explicitly defined. Therefore, a default DefaultHeaderChannelRegistry will be created.
2016-10-05 09:48:42 INFO  DefaultConfiguringBeanFactoryPostProcessor:130 - No bean named 'errorChannel' has been explicitly defined. Therefore, a default PublishSubscribeChannel will be created.
2016-10-05 09:48:42 INFO  DefaultConfiguringBeanFactoryPostProcessor:154 - No bean named 'taskScheduler' has been explicitly defined. Therefore, a default ThreadPoolTaskScheduler will be created.
2016-10-05 09:48:42 DEBUG logging:19 - Logging Provider: org.jboss.logging.Log4jLoggerProvider
2016-10-05 09:48:42 DEBUG DefaultTraversableResolver:70 - Cannot find javax.persistence.Persistence on classpath. Assuming non JPA 2 environment. All properties will per default be traversable.
2016-10-05 09:48:42 DEBUG ConfigurationImpl:156 - Setting custom MessageInterpolator of type org.springframework.validation.beanvalidation.LocaleContextMessageInterpolator
2016-10-05 09:48:42 DEBUG ConfigurationImpl:178 - Setting custom ConstraintValidatorFactory of type org.springframework.validation.beanvalidation.SpringConstraintValidatorFactory
2016-10-05 09:48:42 DEBUG ConfigurationImpl:192 - Setting custom ParameterNameProvider of type com.sun.proxy.$Proxy20
2016-10-05 09:48:42 DEBUG ValidationXmlParser:91 - Trying to load META-INF/validation.xml for XML based Validator configuration.
2016-10-05 09:48:42 DEBUG ResourceLoaderHelper:54 - Trying to load META-INF/validation.xml via TCCL
2016-10-05 09:48:42 DEBUG ResourceLoaderHelper:60 - Trying to load META-INF/validation.xml via Hibernate Validator's class loader
2016-10-05 09:48:42 DEBUG ValidationXmlParser:98 - No META-INF/validation.xml found. Using annotation based configuration only.
2016-10-05 09:48:43 INFO  EventDrivenConsumer:83 - Adding {logging-channel-adapter:logger.adapter} as a subscriber to the 'logger' channel
2016-10-05 09:48:43 INFO  DirectChannel:69 - Channel 'application.logger' has 1 subscriber(s).
2016-10-05 09:48:43 INFO  EventDrivenConsumer:87 - started logger.adapter
2016-10-05 09:48:43 INFO  AmqpInboundChannelAdapter:87 - started org.springframework.integration.amqp.inbound.AmqpInboundChannelAdapter#0
2016-10-05 09:48:43 INFO  AmqpInboundChannelAdapter:87 - started org.springframework.integration.amqp.inbound.AmqpInboundChannelAdapter#1
2016-10-05 09:48:43 INFO  AmqpInboundChannelAdapter:87 - started org.springframework.integration.amqp.inbound.AmqpInboundChannelAdapter#2
2016-10-05 09:48:43 INFO  EventDrivenConsumer:83 - Adding {service-activator} as a subscriber to the 'pgfMessagesReceivedQueue' channel
2016-10-05 09:48:43 INFO  DirectChannel:69 - Channel 'application.pgfMessagesReceivedQueue' has 1 subscriber(s).
2016-10-05 09:48:43 INFO  EventDrivenConsumer:87 - started org.springframework.integration.config.ConsumerEndpointFactoryBean#0
2016-10-05 09:48:43 INFO  EventDrivenConsumer:83 - Adding {service-activator} as a subscriber to the 'pgfMessagesSentQueue' channel
2016-10-05 09:48:43 INFO  DirectChannel:69 - Channel 'application.pgfMessagesSentQueue' has 1 subscriber(s).
2016-10-05 09:48:43 INFO  EventDrivenConsumer:87 - started org.springframework.integration.config.ConsumerEndpointFactoryBean#1
2016-10-05 09:48:43 INFO  EventDrivenConsumer:83 - Adding {service-activator} as a subscriber to the 'predictionQueue' channel
2016-10-05 09:48:43 INFO  DirectChannel:69 - Channel 'application.predictionQueue' has 1 subscriber(s).
2016-10-05 09:48:43 INFO  EventDrivenConsumer:87 - started org.springframework.integration.config.ConsumerEndpointFactoryBean#2
2016-10-05 09:48:43 INFO  EventDrivenConsumer:83 - Adding {logging-channel-adapter:_org.springframework.integration.errorLogger} as a subscriber to the 'errorChannel' channel
2016-10-05 09:48:43 INFO  PublishSubscribeChannel:69 - Channel 'application.errorChannel' has 1 subscriber(s).
2016-10-05 09:48:43 INFO  EventDrivenConsumer:87 - started _org.springframework.integration.errorLogger
2016-10-05 09:48:43 INFO  WriterServer:38 - 
=========================================================
                                                         
          Starting a Dashboard Consumer node             
                                                         
=========================================================
2016-10-05 09:48:43 INFO  WriterServer:61 - Started WriterServer in 2.374 seconds (JVM running for 3.29)
